This is pdfTeX, Version 3.1415926-2.4-1.40.13 (MiKTeX 2.9 64-bit) (preloaded format=pdflatex 2013.9.5)  9 MAY 2014 11:54
entering extended mode
**final-report.tex
(C:\Users\Hongjian\workspace\ist510prj\report\report\final-report.tex
LaTeX2e <2011/06/27>
Babel <v3.8m> and hyphenation patterns for english, afrikaans, ancientgreek, ar
abic, armenian, assamese, basque, bengali, bokmal, bulgarian, catalan, coptic, 
croatian, czech, danish, dutch, esperanto, estonian, farsi, finnish, french, ga
lician, german, german-x-2012-05-30, greek, gujarati, hindi, hungarian, iceland
ic, indonesian, interlingua, irish, italian, kannada, kurmanji, latin, latvian,
 lithuanian, malayalam, marathi, mongolian, mongolianlmc, monogreek, ngerman, n
german-x-2012-05-30, nynorsk, oriya, panjabi, pinyin, polish, portuguese, roman
ian, russian, sanskrit, serbian, slovak, slovenian, spanish, swedish, swissgerm
an, tamil, telugu, turkish, turkmen, ukenglish, ukrainian, uppersorbian, usengl
ishmax, welsh, loaded.
("C:\Program Files\MiKTex\tex\latex\base\article.cls"
Document Class: article 2007/10/19 v1.4h Standard LaTeX document class
("C:\Program Files\MiKTex\tex\latex\base\size10.clo"
File: size10.clo 2007/10/19 v1.4h Standard LaTeX file (size option)
)
\c@part=\count79
\c@section=\count80
\c@subsection=\count81
\c@subsubsection=\count82
\c@paragraph=\count83
\c@subparagraph=\count84
\c@figure=\count85
\c@table=\count86
\abovecaptionskip=\skip41
\belowcaptionskip=\skip42
\bibindent=\dimen102
)
("C:\Program Files\MiKTex\tex\latex\geometry\geometry.sty"
Package: geometry 2010/09/12 v5.6 Page Geometry

("C:\Program Files\MiKTex\tex\latex\graphics\keyval.sty"
Package: keyval 1999/03/16 v1.13 key=value parser (DPC)
\KV@toks@=\toks14
)
("C:\Program Files\MiKTex\tex\generic\oberdiek\ifpdf.sty"
Package: ifpdf 2011/01/30 v2.3 Provides the ifpdf switch (HO)
Package ifpdf Info: pdfTeX in PDF mode is detected.
)
("C:\Program Files\MiKTex\tex\generic\oberdiek\ifvtex.sty"
Package: ifvtex 2010/03/01 v1.5 Detect VTeX and its facilities (HO)
Package ifvtex Info: VTeX not detected.
)
("C:\Program Files\MiKTex\tex\generic\ifxetex\ifxetex.sty"
Package: ifxetex 2010/09/12 v0.6 Provides ifxetex conditional
)
\Gm@cnth=\count87
\Gm@cntv=\count88
\c@Gm@tempcnt=\count89
\Gm@bindingoffset=\dimen103
\Gm@wd@mp=\dimen104
\Gm@odd@mp=\dimen105
\Gm@even@mp=\dimen106
\Gm@layoutwidth=\dimen107
\Gm@layoutheight=\dimen108
\Gm@layouthoffset=\dimen109
\Gm@layoutvoffset=\dimen110
\Gm@dimlist=\toks15

("C:\Program Files\MiKTex\tex\latex\geometry\geometry.cfg"))
("C:\Program Files\MiKTex\tex\latex\graphics\graphicx.sty"
Package: graphicx 1999/02/16 v1.0f Enhanced LaTeX Graphics (DPC,SPQR)

("C:\Program Files\MiKTex\tex\latex\graphics\graphics.sty"
Package: graphics 2009/02/05 v1.0o Standard LaTeX Graphics (DPC,SPQR)

("C:\Program Files\MiKTex\tex\latex\graphics\trig.sty"
Package: trig 1999/03/16 v1.09 sin cos tan (DPC)
)
("C:\Program Files\MiKTex\tex\latex\00miktex\graphics.cfg"
File: graphics.cfg 2007/01/18 v1.5 graphics configuration of teTeX/TeXLive
)
Package graphics Info: Driver file: pdftex.def on input line 91.

("C:\Program Files\MiKTex\tex\latex\pdftex-def\pdftex.def"
File: pdftex.def 2011/05/27 v0.06d Graphics/color for pdfTeX

("C:\Program Files\MiKTex\tex\generic\oberdiek\infwarerr.sty"
Package: infwarerr 2010/04/08 v1.3 Providing info/warning/error messages (HO)
)
("C:\Program Files\MiKTex\tex\generic\oberdiek\ltxcmds.sty"
Package: ltxcmds 2011/11/09 v1.22 LaTeX kernel commands for general use (HO)
)
\Gread@gobject=\count90
))
\Gin@req@height=\dimen111
\Gin@req@width=\dimen112
)
(C:\Users\Hongjian\workspace\ist510prj\report\report\final-report.aux)
LaTeX Font Info:    Checking defaults for OML/cmm/m/it on input line 17.
LaTeX Font Info:    ... okay on input line 17.
LaTeX Font Info:    Checking defaults for T1/cmr/m/n on input line 17.
LaTeX Font Info:    ... okay on input line 17.
LaTeX Font Info:    Checking defaults for OT1/cmr/m/n on input line 17.
LaTeX Font Info:    ... okay on input line 17.
LaTeX Font Info:    Checking defaults for OMS/cmsy/m/n on input line 17.
LaTeX Font Info:    ... okay on input line 17.
LaTeX Font Info:    Checking defaults for OMX/cmex/m/n on input line 17.
LaTeX Font Info:    ... okay on input line 17.
LaTeX Font Info:    Checking defaults for U/cmr/m/n on input line 17.
LaTeX Font Info:    ... okay on input line 17.

*geometry* driver: auto-detecting
*geometry* detected driver: pdftex
*geometry* verbose mode - [ preamble ] result:
* driver: pdftex
* paper: <default>
* layout: <same size as paper>
* layoutoffset:(h,v)=(0.0pt,0.0pt)
* modes: 
* h-part:(L,W,R)=(86.72377pt, 440.84746pt, 86.72377pt)
* v-part:(T,H,B)=(72.26999pt, 650.43001pt, 72.26999pt)
* \paperwidth=614.295pt
* \paperheight=794.96999pt
* \textwidth=440.84746pt
* \textheight=650.43001pt
* \oddsidemargin=14.45378pt
* \evensidemargin=14.45378pt
* \topmargin=-37.0pt
* \headheight=12.0pt
* \headsep=25.0pt
* \topskip=10.0pt
* \footskip=30.0pt
* \marginparwidth=65.0pt
* \marginparsep=11.0pt
* \columnsep=10.0pt
* \skip\footins=9.0pt plus 4.0pt minus 2.0pt
* \hoffset=0.0pt
* \voffset=0.0pt
* \mag=1000
* \@twocolumnfalse
* \@twosidefalse
* \@mparswitchfalse
* \@reversemarginfalse
* (1in=72.27pt=25.4mm, 1cm=28.453pt)

("C:\Program Files\MiKTex\tex\context\base\supp-pdf.mkii"
[Loading MPS to PDF converter (version 2006.09.02).]
\scratchcounter=\count91
\scratchdimen=\dimen113
\scratchbox=\box26
\nofMPsegments=\count92
\nofMParguments=\count93
\everyMPshowfont=\toks16
\MPscratchCnt=\count94
\MPscratchDim=\dimen114
\MPnumerator=\count95
\makeMPintoPDFobject=\count96
\everyMPtoPDFconversion=\toks17
)
LaTeX Font Info:    External font `cmex10' loaded for size
(Font)              <12> on input line 19.
LaTeX Font Info:    External font `cmex10' loaded for size
(Font)              <8> on input line 19.
LaTeX Font Info:    External font `cmex10' loaded for size
(Font)              <6> on input line 19.
 (C:\Users\Hongjian\workspace\ist510prj\report\report\final-report.toc
LaTeX Font Info:    External font `cmex10' loaded for size
(Font)              <7> on input line 3.
LaTeX Font Info:    External font `cmex10' loaded for size
(Font)              <5> on input line 3.
)
\tf@toc=\write3
LaTeX Font Info:    Try loading font information for OMS+cmr on input line 29.

("C:\Program Files\MiKTex\tex\latex\base\omscmr.fd"
File: omscmr.fd 1999/05/25 v2.5h Standard LaTeX font definitions
)
LaTeX Font Info:    Font shape `OMS/cmr/m/n' in size <10> not available
(Font)              Font shape `OMS/cmsy/m/n' tried instead on input line 29.
 [1

{C:/Users/Hongjian/AppData/Local/MiKTeX/2.9/pdftex/config/pdftex.map}]
<fig/query.png, id=13, 987.69pt x 578.16pt>
File: fig/query.png Graphic file (type png)
 <use fig/query.png>
Package pdftex.def Info: fig/query.png used on input line 55.
(pdftex.def)             Requested size: 308.59187pt x 180.63045pt.

<fig/query-res.png, id=15, 987.69pt x 578.16pt>
File: fig/query-res.png Graphic file (type png)
 <use fig/query-res.png>
Package pdftex.def Info: fig/query-res.png used on input line 61.
(pdftex.def)             Requested size: 308.59187pt x 180.63045pt.


LaTeX Warning: `h' float specifier changed to `ht'.

<fig/signup.png, id=16, 987.69pt x 578.16pt>
File: fig/signup.png Graphic file (type png)
 <use fig/signup.png>
Package pdftex.def Info: fig/signup.png used on input line 73.
(pdftex.def)             Requested size: 308.59187pt x 180.63045pt.


LaTeX Warning: `h' float specifier changed to `ht'.

<fig/signup-error.PNG, id=17, 987.69pt x 578.16pt>
File: fig/signup-error.PNG Graphic file (type png)
 <use fig/signup-error.PNG>
Package pdftex.def Info: fig/signup-error.PNG used on input line 79.
(pdftex.def)             Requested size: 308.59187pt x 180.63045pt.


LaTeX Warning: `h' float specifier changed to `ht'.

<fig/login.PNG, id=18, 987.69pt x 578.16pt>
File: fig/login.PNG Graphic file (type png)
 <use fig/login.PNG>
Package pdftex.def Info: fig/login.PNG used on input line 91.
(pdftex.def)             Requested size: 308.59187pt x 180.63045pt.


LaTeX Warning: `h' float specifier changed to `ht'.

<fig/loggedin.PNG, id=19, 987.69pt x 578.16pt>
File: fig/loggedin.PNG Graphic file (type png)
 <use fig/loggedin.PNG>
Package pdftex.def Info: fig/loggedin.PNG used on input line 98.
(pdftex.def)             Requested size: 308.59187pt x 180.63045pt.


LaTeX Warning: `h' float specifier changed to `ht'.

[2 <C:/Users/Hongjian/workspace/ist510prj/report/report/fig/query.png>]
<fig/querylog.PNG, id=24, 987.69pt x 578.16pt>
File: fig/querylog.PNG Graphic file (type png)
 <use fig/querylog.PNG>
Package pdftex.def Info: fig/querylog.PNG used on input line 113.
(pdftex.def)             Requested size: 308.59187pt x 180.63045pt.


LaTeX Warning: `h' float specifier changed to `ht'.

<fig/email-notification.PNG, id=25, 472.76625pt x 152.06813pt>
File: fig/email-notification.PNG Graphic file (type png)

<use fig/email-notification.PNG>
Package pdftex.def Info: fig/email-notification.PNG used on input line 121.
(pdftex.def)             Requested size: 308.59187pt x 99.26309pt.


LaTeX Warning: `h' float specifier changed to `ht'.

<fig/adminpage.png, id=26, 987.69pt x 578.16pt>
File: fig/adminpage.png Graphic file (type png)
 <use fig/adminpage.png>
Package pdftex.def Info: fig/adminpage.png used on input line 133.
(pdftex.def)             Requested size: 308.59187pt x 180.63045pt.

[3 <C:/Users/Hongjian/workspace/ist510prj/report/report/fig/query-res.png> <C:/
Users/Hongjian/workspace/ist510prj/report/report/fig/signup.png>]

LaTeX Warning: `h' float specifier changed to `ht'.

[4 <C:/Users/Hongjian/workspace/ist510prj/report/report/fig/signup-error.PNG> <
C:/Users/Hongjian/workspace/ist510prj/report/report/fig/login.PNG>] [5 <C:/User
s/Hongjian/workspace/ist510prj/report/report/fig/loggedin.PNG> <C:/Users/Hongji
an/workspace/ist510prj/report/report/fig/querylog.PNG> <C:/Users/Hongjian/works
pace/ist510prj/report/report/fig/email-notification.PNG>] [6 <C:/Users/Hongjian
/workspace/ist510prj/report/report/fig/adminpage.png>]
(C:\Users\Hongjian\workspace\ist510prj\report\report\final-report.aux) ) 
Here is how much of TeX's memory you used:
 1700 strings out of 493921
 23566 string characters out of 3148878
 82242 words of memory out of 3000000
 5000 multiletter control sequences out of 15000+200000
 8540 words of font info for 30 fonts, out of 3000000 for 9000
 841 hyphenation exceptions out of 8191
 27i,6n,19p,435b,222s stack positions out of 5000i,500n,10000p,200000b,50000s
<C:/Pro
gram Files/MiKTex/fonts/type1/public/amsfonts/cm/cmbx10.pfb><C:/Program Files/M
iKTex/fonts/type1/public/amsfonts/cm/cmbx12.pfb><C:/Program Files/MiKTex/fonts/
type1/public/amsfonts/cm/cmr10.pfb><C:/Program Files/MiKTex/fonts/type1/public/
amsfonts/cm/cmr12.pfb><C:/Program Files/MiKTex/fonts/type1/public/amsfonts/cm/c
mr17.pfb><C:/Program Files/MiKTex/fonts/type1/public/amsfonts/cm/cmr9.pfb><C:/P
rogram Files/MiKTex/fonts/type1/public/amsfonts/cm/cmsy10.pfb><C:/Program Files
/MiKTex/fonts/type1/public/amsfonts/cm/cmti10.pfb>
Output written on final-report.pdf (6 pages, 967319 bytes).
PDF statistics:
 72 PDF objects out of 1000 (max. 8388607)
 0 named destinations out of 1000 (max. 500000)
 46 words of extra memory for PDF output out of 10000 (max. 10000000)

